0 info it worked if it ends with ok
1 verbose cli [ 'C:\\Program Files\\nodejs\\node.exe',
1 verbose cli   'C:\\Users\\RB\\AppData\\Roaming\\npm\\node_modules\\npm\\bin\\npm-cli.js',
1 verbose cli   'run',
1 verbose cli   'lite',
1 verbose cli   '--baseDir',
1 verbose cli   './app',
1 verbose cli   '--port',
1 verbose cli   '8000' ]
2 info using npm@4.0.2
3 info using node@v7.0.0
4 verbose run-script [ 'prelite', 'lite', 'postlite' ]
5 info lifecycle scheduler@1.0.0~prelite: scheduler@1.0.0
6 silly lifecycle scheduler@1.0.0~prelite: no script for prelite, continuing
7 info lifecycle scheduler@1.0.0~lite: scheduler@1.0.0
8 verbose lifecycle scheduler@1.0.0~lite: unsafe-perm in lifecycle true
9 verbose lifecycle scheduler@1.0.0~lite: PATH: C:\Users\RB\AppData\Roaming\npm\node_modules\npm\bin\node-gyp-bin;E:\app\angular2\angular2-features\node_modules\.bin;C:\Users\RB\AppData\Roaming\npm\node_modules\npm\bin\node-gyp-bin;E:\app\angular2\angular2-features\node_modules\.bin;C:\ProgramData\Oracle\Java\javapath;C:\Program Files (x86)\ActiveState Komodo IDE 9\;D:\Bitnami\wampstack-5.5.29-1\php;C:\Program Files (x86)\Skype\Phone\;D:\xampp\php;D:\MongoDB\Server\3.2\bin;C:\ProgramData\ComposerSetup\bin;C:\Program Files (x86)\QuickTime\QTSystem\;C:\phalcon-devtools;C:\ProgramData\chocolatey\bin;C:\Program Files (x86)\Heroku\bin;C:\Program Files\nodejs\;C:\RailsInstaller\Git\cmd;C:\RailsInstaller\Ruby2.1.0\bin;C:\Windows\system32;C:\Windows;C:\Windows\System32\Wbem;C:\Windows\System32\WindowsPowerShell\v1.0\;D:\www\php;C:\ProgramData\ComposerSetup\bin;C:\Program Files (x86)\QuickTime\QTSystem\;C:\Program Files\TortoiseSVN\bin;C:\Program Files (x86)\Common Files\Ulead Systems\MPEG;C:\Windows\system32;C:\Windows;C:\Windows\System32\Wbem;C:\Windows\System32\WindowsPowerShell\v1.0\;D:\www\php;C:\ProgramData\ComposerSetup\bin;C:\Program Files (x86)\QuickTime\QTSystem\;C:\Program Files\TortoiseSVN\bin;C:\Program Files (x86)\Common Files\Ulead Systems\MPEG;C:\bin;C:\bin; D:\Android\SDK\tools; %ANDROID%\build-tools; C:\Android\apache-ant-1.9.4\bin;C:\Program Files (x86)\SSH Communications Security\SSH Secure Shell;C:\Users\RB\AppData\Local\atom\bin;C:\Program Files\Docker Toolbox;C:\Users\RB\AppData\Local\.meteor\;C:\Program Files (x86)\Microsoft VS Code\bin;C:\Users\RB\AppData\Roaming\npm
10 verbose lifecycle scheduler@1.0.0~lite: CWD: E:\app\angular2\angular2-features
11 silly lifecycle scheduler@1.0.0~lite: Args: [ '/d /s /c', 'lite-server "./app" "8000"' ]
12 silly lifecycle scheduler@1.0.0~lite: Returned: code: 1  signal: null
13 info lifecycle scheduler@1.0.0~lite: Failed to exec lite script
14 verbose stack Error: scheduler@1.0.0 lite: `lite-server "./app" "8000"`
14 verbose stack Exit status 1
14 verbose stack     at EventEmitter.<anonymous> (C:\Users\RB\AppData\Roaming\npm\node_modules\npm\lib\utils\lifecycle.js:279:16)
14 verbose stack     at emitTwo (events.js:106:13)
14 verbose stack     at EventEmitter.emit (events.js:191:7)
14 verbose stack     at ChildProcess.<anonymous> (C:\Users\RB\AppData\Roaming\npm\node_modules\npm\lib\utils\spawn.js:40:14)
14 verbose stack     at emitTwo (events.js:106:13)
14 verbose stack     at ChildProcess.emit (events.js:191:7)
14 verbose stack     at maybeClose (internal/child_process.js:877:16)
14 verbose stack     at Process.ChildProcess._handle.onexit (internal/child_process.js:226:5)
15 verbose pkgid scheduler@1.0.0
16 verbose cwd E:\app\angular2\angular2-features
17 error Windows_NT 6.1.7601
18 error argv "C:\\Program Files\\nodejs\\node.exe" "C:\\Users\\RB\\AppData\\Roaming\\npm\\node_modules\\npm\\bin\\npm-cli.js" "run" "lite" "--baseDir" "./app" "--port" "8000"
19 error node v7.0.0
20 error npm  v4.0.2
21 error code ELIFECYCLE
22 error scheduler@1.0.0 lite: `lite-server "./app" "8000"`
22 error Exit status 1
23 error Failed at the scheduler@1.0.0 lite script 'lite-server "./app" "8000"'.
23 error Make sure you have the latest version of node.js and npm installed.
23 error If you do, this is most likely a problem with the scheduler package,
23 error not with npm itself.
23 error Tell the author that this fails on your system:
23 error     lite-server "./app" "8000"
23 error You can get information on how to open an issue for this project with:
23 error     npm bugs scheduler
23 error Or if that isn't available, you can get their info via:
23 error     npm owner ls scheduler
23 error There is likely additional logging output above.
24 verbose exit [ 1, true ]
